<?xml version="1.0" encoding="UTF-8"?>
<!-- Generated by org.testng.reporters.JUnitXMLReporter -->
<testsuite hostname="lihaos-MacBook-Pro.local" name="Default test" tests="18" failures="0" timestamp="10 Sep 2019 12:56:56 GMT" time="83.527" errors="0">
  <testcase name="test1" time="9.373" classname="com.auto.selenium.grid.demo.TechTest"/>
  <testcase name="test1" time="4.899" classname="com.auto.selenium.grid.demo.TechTest"/>
  <testcase name="test1" time="4.301" classname="com.auto.selenium.grid.demo.TechTest"/>
  <testcase name="test1" time="4.313" classname="com.auto.selenium.grid.demo.TechTest"/>
  <testcase name="test1" time="4.3" classname="com.auto.selenium.grid.demo.TechTest"/>
  <testcase name="test1" time="4.386" classname="com.auto.selenium.grid.demo.TechTest"/>
  <testcase name="test1" time="4.31" classname="com.auto.selenium.grid.demo.TechTest"/>
  <testcase name="test1" time="4.298" classname="com.auto.selenium.grid.demo.TechTest"/>
  <testcase name="test1" time="4.284" classname="com.auto.selenium.grid.demo.TechTest"/>
  <testcase name="test1" time="4.313" classname="com.auto.selenium.grid.demo.TechTest"/>
  <testcase name="test1" time="4.323" classname="com.auto.selenium.grid.demo.TechTest"/>
  <testcase name="test1" time="4.282" classname="com.auto.selenium.grid.demo.TechTest"/>
  <testcase name="test1" time="4.302" classname="com.auto.selenium.grid.demo.TechTest"/>
  <testcase name="test1" time="4.293" classname="com.auto.selenium.grid.demo.TechTest"/>
  <testcase name="test1" time="4.28" classname="com.auto.selenium.grid.demo.TechTest"/>
  <testcase name="test1" time="4.286" classname="com.auto.selenium.grid.demo.TechTest"/>
  <testcase name="test1" time="4.294" classname="com.auto.selenium.grid.demo.TechTest"/>
  <testcase name="test1" time="4.348" classname="com.auto.selenium.grid.demo.TechTest"/>
</testsuite> <!-- Default test -->
