<?xml version="1.0" encoding="UTF-8"?>
<testng-results skipped="0" failed="0" total="3" passed="3">
  <reporter-output>
  </reporter-output>
  <suite name="tech" duration-ms="45073" started-at="2019-09-05T15:31:15Z" finished-at="2019-09-05T15:32:00Z">
    <groups>
    </groups>
    <test name="tech3" duration-ms="42710" started-at="2019-09-05T15:31:15Z" finished-at="2019-09-05T15:31:58Z">
      <class name="com.auto.selenium.grid.demo.TechTest">
        <test-method status="PASS" signature="test1()[pri:0, instance:com.auto.selenium.grid.demo.TechTest@2af4129d]" name="test1" duration-ms="42355" started-at="2019-09-05T23:31:15Z" finished-at="2019-09-05T23:31:58Z">
          <reporter-output>
          </reporter-output>
        </test-method> <!-- test1 -->
      </class> <!-- com.auto.selenium.grid.demo.TechTest -->
    </test> <!-- tech3 -->
    <test name="tech1" duration-ms="44886" started-at="2019-09-05T15:31:15Z" finished-at="2019-09-05T15:32:00Z">
      <class name="com.auto.selenium.grid.demo.TechTest">
        <test-method status="PASS" signature="test1()[pri:0, instance:com.auto.selenium.grid.demo.TechTest@3901f6af]" name="test1" duration-ms="44808" started-at="2019-09-05T23:31:15Z" finished-at="2019-09-05T23:32:00Z">
          <reporter-output>
          </reporter-output>
        </test-method> <!-- test1 -->
      </class> <!-- com.auto.selenium.grid.demo.TechTest -->
    </test> <!-- tech1 -->
    <test name="tech2" duration-ms="45073" started-at="2019-09-05T15:31:15Z" finished-at="2019-09-05T15:32:00Z">
      <class name="com.auto.selenium.grid.demo.TechTest">
        <test-method status="PASS" signature="test1()[pri:0, instance:com.auto.selenium.grid.demo.TechTest@4d62f4c6]" name="test1" duration-ms="45003" started-at="2019-09-05T23:31:15Z" finished-at="2019-09-05T23:32:00Z">
          <reporter-output>
          </reporter-output>
        </test-method> <!-- test1 -->
      </class> <!-- com.auto.selenium.grid.demo.TechTest -->
    </test> <!-- tech2 -->
  </suite> <!-- tech -->
</testng-results>
